<?xml version="1.0" encoding="UTF-8"?>
<testng-results ignored="0" total="1" passed="1" failed="0" skipped="0">
  <reporter-output>
    <line>
      <![CDATA[Log in to Facebook]]>
    </line>
    <line>
      <![CDATA[https://www.facebook.com/login/device-based/regular/login/?login_attempt=1&lwv=100]]>
    </line>
  </reporter-output>
  <suite started-at="2023-01-01T16:09:42 IST" name="Failed suite [Suite]" finished-at="2023-01-01T16:10:14 IST" duration-ms="31790">
    <groups>
    </groups>
    <test started-at="2023-01-01T16:09:42 IST" name="Test(failed)" finished-at="2023-01-01T16:10:14 IST" duration-ms="31790">
      <class name="Assertions.Test2">
        <test-method is-config="true" signature="FaceBooklogin()[pri:0, instance:Assertions.Test2@6bedbc4d]" started-at="2023-01-01T16:09:42 IST" name="FaceBooklogin" finished-at="2023-01-01T16:09:52 IST" duration-ms="9387" status="PASS">
          <reporter-output>
          </reporter-output>
        </test-method> <!-- FaceBooklogin -->
        <test-method signature="testCase3()[pri:0, instance:Assertions.Test2@6bedbc4d]" started-at="2023-01-01T16:09:52 IST" name="testCase3" finished-at="2023-01-01T16:10:14 IST" duration-ms="21975" status="PASS">
          <reporter-output>
            <line>
              <![CDATA[Log in to Facebook]]>
            </line>
            <line>
              <![CDATA[https://www.facebook.com/login/device-based/regular/login/?login_attempt=1&lwv=100]]>
            </line>
          </reporter-output>
        </test-method> <!-- testCase3 -->
        <test-method is-config="true" signature="CloseApp()[pri:0, instance:Assertions.Test2@6bedbc4d]" started-at="2023-01-01T16:10:14 IST" name="CloseApp" finished-at="2023-01-01T16:10:14 IST" duration-ms="374" status="PASS">
          <reporter-output>
          </reporter-output>
        </test-method> <!-- CloseApp -->
      </class> <!-- Assertions.Test2 -->
    </test> <!-- Test(failed) -->
  </suite> <!-- Failed suite [Suite] -->
</testng-results>
